Arguments: 
  C:\Program Files\nodejs\node.exe C:\Program Files (x86)\Yarn\bin\yarn.js add jsdoc2md -P

PATH: 
  C:\Users\klasl\AppData\Roaming\npm;C:\Program Files\nodejs\;C:\Python27\;C:\Python27\Scripts;C:\ProgramData\Boxstarter;C:\WINDOWS\system32;C:\WINDOWS;C:\WINDOWS\System32\Wbem;C:\WINDOWS\System32\WindowsPowerShell\v1.0\;C:\Program Files (x86)\Microsoft SQL Server\Client SDK\ODBC\110\Tools\Binn\;C:\Program Files (x86)\Microsoft SQL Server\120\Tools\Binn\;C:\Program Files (x86)\Microsoft SQL Server\120\DTS\Binn\;C:\Program Files (x86)\Microsoft SQL Server\120\Tools\Binn\ManagementStudio\;C:\Program Files\Microsoft SQL Server\120\Tools\Binn\;C:\Program Files\Microsoft SQL Server\130\Tools\Binn\;C:\Program Files (x86)\Microsoft SQL Server\130\DTS\Binn\;C:\Program Files\dotnet\;C:\WINDOWS\System32\OpenSSH\;C:\Program Files\Git\cmd;C:\ProgramData\chocolatey\bin;C:\Program Files (x86)\Brackets\command;C:\Program Files\Microsoft\Web Platform Installer\;C:\Program Files\nodejs\;C:\WINDOWS\system32;C:\WINDOWS;C:\WINDOWS\System32\Wbem;C:\WINDOWS\System32\WindowsPowerShell\v1.0\;C:\WINDOWS\System32\OpenSSH\;C:\Program Files\Microsoft SQL Server\Client SDK\ODBC\170\Tools\Binn\;C:\Program Files (x86)\Yarn\bin\;C:\Users\klasl\AppData\Local\Microsoft\WindowsApps;C:\Users\klasl\AppData\Local\Programs\Fiddler;C:\Users\klasl\AppData\Roaming\npm;C:\Users\klasl\AppData\Local\Microsoft\WindowsApps;C:\Users\klasl\.dotnet\tools;C:\Users\klasl\AppData\Local\Yarn\bin

Yarn version: 
  1.15.2

Node version: 
  11.9.0

Platform: 
  win32 x64

Trace: 
  Error: https://registry.yarnpkg.com/jsdoc2md: Not found
      at Request.params.callback [as _callback] (C:\Program Files (x86)\Yarn\lib\cli.js:65167:18)
      at Request.self.callback (C:\Program Files (x86)\Yarn\lib\cli.js:129541:22)
      at Request.emit (events.js:197:13)
      at Request.<anonymous> (C:\Program Files (x86)\Yarn\lib\cli.js:130513:10)
      at Request.emit (events.js:197:13)
      at IncomingMessage.<anonymous> (C:\Program Files (x86)\Yarn\lib\cli.js:130435:12)
      at Object.onceWrapper (events.js:285:13)
      at IncomingMessage.emit (events.js:202:15)
      at endReadableNT (_stream_readable.js:1129:12)
      at processTicksAndRejections (internal/process/next_tick.js:76:17)

npm manifest: 
  {
    "name": "dbootstrap",
    "author": "Weavy",
    "version": "4.0.1",
    "description": "Bootstrap HTML output template for jsdoc2md",
    "license": "MIT",
    "repository": "https://github.com/Weavy/dbootstrap.git",
    "main": "./lib/dbs.js",
    "keywords": [
      "documentation",
      "bootstrap"
    ],
    "engines": {
      "node": ">=4.0.0"
    },
    "files": [
      "helpers",
      "lib",
      "partials"
    ],
    "scripts": {
      "test": "test-runner test/*.js test/ddata/*.js",
      "docs": "jsdoc2md -t jsdoc2md/README.hbs -p list -l js lib/*.js > README.md; echo"
    },
    "dependencies": {
      "array-back": "^2.0.0",
      "cache-point": "^0.4.1",
      "common-sequence": "^1.0.2",
      "file-set": "^2.0.0",
      "handlebars": "^4.1.1",
      "marked": "^0.6.2",
      "object-get": "^2.1.0",
      "reduce-flatten": "^1.0.1",
      "reduce-unique": "^1.0.0",
      "reduce-without": "^1.0.1",
      "test-value": "^3.0.0",
      "walk-back": "^3.0.0"
    },
    "devDependencies": {
      "dmd-plugin-example": "^0.1.0",
      "test-runner": "^0.5.0"
    },
    "standard": {
      "ignore": [
        "example",
        "test/fixture",
        "test/overrides"
      ]
    }
  }

yarn manifest: 
  No manifest

Lockfile: 
  # THIS IS AN AUTOGENERATED FILE. DO NOT EDIT THIS FILE DIRECTLY.
  # yarn lockfile v1
  
  
  ansi-escape-sequences@^4.0.0:
    version "4.1.0"
    resolved "https://registry.yarnpkg.com/ansi-escape-sequences/-/ansi-escape-sequences-4.1.0.tgz#2483c8773f50dd9174dd9557e92b1718f1816097"
    integrity sha512-dzW9kHxH011uBsidTXd14JXgzye/YLb2LzeKZ4bsgl/Knwx8AtbSFkkGxagdNOoh0DlqHCmfiEjWKBaqjOanVw==
    dependencies:
      array-back "^3.0.1"
  
  array-back@^1.0.3:
    version "1.0.4"
    resolved "https://registry.yarnpkg.com/array-back/-/array-back-1.0.4.tgz#644ba7f095f7ffcf7c43b5f0dc39d3c1f03c063b"
    integrity sha1-ZEun8JX3/898Q7Xw3DnTwfA8Bjs=
    dependencies:
      typical "^2.6.0"
  
  array-back@^2.0.0:
    version "2.0.0"
    resolved "https://registry.yarnpkg.com/array-back/-/array-back-2.0.0.tgz#6877471d51ecc9c9bfa6136fb6c7d5fe69748022"
    integrity sha512-eJv4pLLufP3g5kcZry0j6WXpIbzYw9GUB4mVJZno9wfwiBxbizTnHCw3VJb07cBihbFX48Y7oSrW9y+gt4glyw==
    dependencies:
      typical "^2.6.1"
  
  array-back@^3.0.1:
    version "3.1.0"
    resolved "https://registry.yarnpkg.com/array-back/-/array-back-3.1.0.tgz#b8859d7a508871c9a7b2cf42f99428f65e96bfb0"
    integrity sha512-TkuxA4UCOvxuDK6NZYXCalszEzj+TLszyASooky+i742l9TqsOdYCMJJupxRic61hwquNtppB3hgcuq9SVSH1Q==
  
  balanced-match@^1.0.0:
    version "1.0.0"
    resolved "https://registry.yarnpkg.com/balanced-match/-/balanced-match-1.0.0.tgz#89b4d199ab2bee49de164ea02b89ce462d71b767"
    integrity sha1-ibTRmasr7kneFk6gK4nORi1xt2c=
  
  brace-expansion@^1.1.7:
    version "1.1.11"
    resolved "https://registry.yarnpkg.com/brace-expansion/-/brace-expansion-1.1.11.tgz#3c7fcbf529d87226f3d2f52b966ff5271eb441dd"
    integrity sha512-iCuPHDFgrHX7H2vEI/5xpz07zSHB00TpugqhmYtVmMO6518mCuRMoOYFldEBl0g187ufozdaHgWKcYFb61qGiA==
    dependencies:
      balanced-match "^1.0.0"
      concat-map "0.0.1"
  
  cache-point@^0.4.1:
    version "0.4.1"
    resolved "https://registry.yarnpkg.com/cache-point/-/cache-point-0.4.1.tgz#cc8c9cbd99d90d7b0c66910cd33d77a1aab8840e"
    integrity sha512-4TgWfe9SF+bUy5cCql8gWHqKNrviufNwSYxLjf2utB0pY4+bdcuFwMmY1hDB+67Gz/L1vmhFNhePAjJTFBtV+Q==
    dependencies:
      array-back "^2.0.0"
      fs-then-native "^2.0.0"
      mkdirp2 "^1.0.3"
  
  command-line-args@^5.0.2:
    version "5.1.1"
    resolved "https://registry.yarnpkg.com/command-line-args/-/command-line-args-5.1.1.tgz#88e793e5bb3ceb30754a86863f0401ac92fd369a"
    integrity sha512-hL/eG8lrll1Qy1ezvkant+trihbGnaKaeEjj6Scyr3DN+RC7iQ5Rz84IeLERfAWDGo0HBSNAakczwgCilDXnWg==
    dependencies:
      array-back "^3.0.1"
      find-replace "^3.0.0"
      lodash.camelcase "^4.3.0"
      typical "^4.0.0"
  
  command-line-usage@^4.1.0:
    version "4.1.0"
    resolved "https://registry.yarnpkg.com/command-line-usage/-/command-line-usage-4.1.0.tgz#a6b3b2e2703b4dcf8bd46ae19e118a9a52972882"
    integrity sha512-MxS8Ad995KpdAC0Jopo/ovGIroV/m0KHwzKfXxKag6FHOkGsH8/lv5yjgablcRxCJJC0oJeUMuO/gmaq+Wq46g==
    dependencies:
      ansi-escape-sequences "^4.0.0"
      array-back "^2.0.0"
      table-layout "^0.4.2"
      typical "^2.6.1"
  
  commander@~2.20.0:
    version "2.20.0"
    resolved "https://registry.yarnpkg.com/commander/-/commander-2.20.0.tgz#d58bb2b5c1ee8f87b0d340027e9e94e222c5a422"
    integrity sha512-7j2y+40w61zy6YC2iRNpUe/NwhNyoXrYpHMrSunaMG64nRnaf96zO/KMQR4OyN/UnE5KLyEBnKHd4aG3rskjpQ==
  
  common-sequence@^1.0.2:
    version "1.0.2"
    resolved "https://registry.yarnpkg.com/common-sequence/-/common-sequence-1.0.2.tgz#30e07f3f8f6f7f9b3dee854f20b2d39eee086de8"
    integrity sha1-MOB/P49vf5s97oVPILLTnu4Ibeg=
  
  concat-map@0.0.1:
    version "0.0.1"
    resolved "https://registry.yarnpkg.com/concat-map/-/concat-map-0.0.1.tgz#d8a96bd77fd68df7793a73036a3ba0d5405d477b"
    integrity sha1-2Klr13/Wjfd5OnMDajug1UBdR3s=
  
  deep-extend@~0.6.0:
    version "0.6.0"
    resolved "https://registry.yarnpkg.com/deep-extend/-/deep-extend-0.6.0.tgz#c4fa7c95404a17a9c3e8ca7e1537312b736330ac"
    integrity sha512-LOHxIOaPYdHlJRtCQfDIVZtfw/ufM8+rVj649RIHzcm/vGwQRXFt6OPqIFWsm2XEMrNIEtWR64sY1LEKD2vAOA==
  
  dmd-plugin-example@^0.1.0:
    version "0.1.0"
    resolved "https://registry.yarnpkg.com/dmd-plugin-example/-/dmd-plugin-example-0.1.0.tgz#5531b8642629bfdc5aaf2a58cd6045abbca29dbc"
    integrity sha1-VTG4ZCYpv9xarypYzWBFq7yinbw=
  
  file-set@^1.1.1:
    version "1.1.2"
    resolved "https://registry.yarnpkg.com/file-set/-/file-set-1.1.2.tgz#08f700bb2c129d0e6bff90157b6556ce7c01e4f9"
    integrity sha512-xDXI09w+l+mXxWDym7dQXy3PLdo7DygHlAtRnQ6XIMa0iY/qX6+1J75jjwCArCd48yCiMx2+fRn50BTFd45+jQ==
    dependencies:
      array-back "^1.0.3"
      glob "^7.1.0"
  
  file-set@^2.0.0:
    version "2.0.1"
    resolved "https://registry.yarnpkg.com/file-set/-/file-set-2.0.1.tgz#db9bc4b70a7e5ba81c9d279c20a37f13369c7850"
    integrity sha512-XgOUUpgR6FbbfYcniLw0qm1Am7PnNYIAkd+eXxRt42LiYhjaso0WiuQ+VmrNdtwotyM+cLCfZ56AZrySP3QnKA==
    dependencies:
      array-back "^2.0.0"
      glob "^7.1.3"
  
  find-replace@^3.0.0:
    version "3.0.0"
    resolved "https://registry.yarnpkg.com/find-replace/-/find-replace-3.0.0.tgz#3e7e23d3b05167a76f770c9fbd5258b0def68c38"
    integrity sha512-6Tb2myMioCAgv5kfvP5/PkZZ/ntTpVK39fHY7WkWBgvbeE+VHd/tZuZ4mrC+bxh4cfOZeYKVPaJIZtZXV7GNCQ==
    dependencies:
      array-back "^3.0.1"
  
  fs-then-native@^2.0.0:
    version "2.0.0"
    resolved "https://registry.yarnpkg.com/fs-then-native/-/fs-then-native-2.0.0.tgz#19a124d94d90c22c8e045f2e8dd6ebea36d48c67"
    integrity sha1-GaEk2U2QwiyOBF8ujdbr6jbUjGc=
  
  fs.realpath@^1.0.0:
    version "1.0.0"
    resolved "https://registry.yarnpkg.com/fs.realpath/-/fs.realpath-1.0.0.tgz#1504ad2523158caa40db4a2787cb01411994ea4f"
    integrity sha1-FQStJSMVjKpA20onh8sBQRmU6k8=
  
  glob@^7.1.0, glob@^7.1.3:
    version "7.1.3"
    resolved "https://registry.yarnpkg.com/glob/-/glob-7.1.3.tgz#3960832d3f1574108342dafd3a67b332c0969df1"
    integrity sha512-vcfuiIxogLV4DlGBHIUOwI0IbrJ8HWPc4MU7HzviGeNho/UJDfi6B5p3sHeWIQ0KGIU0Jpxi5ZHxemQfLkkAwQ==
    dependencies:
      fs.realpath "^1.0.0"
      inflight "^1.0.4"
      inherits "2"
      minimatch "^3.0.4"
      once "^1.3.0"
      path-is-absolute "^1.0.0"
  
  handlebars@^4.1.1:
    version "4.1.2"
    resolved "https://registry.yarnpkg.com/handlebars/-/handlebars-4.1.2.tgz#b6b37c1ced0306b221e094fc7aca3ec23b131b67"
    integrity sha512-nvfrjqvt9xQ8Z/w0ijewdD/vvWDTOweBUm96NTr66Wfvo1mJenBLwcYmPs3TIBP5ruzYGD7Hx/DaM9RmhroGPw==
    dependencies:
      neo-async "^2.6.0"
      optimist "^0.6.1"
      source-map "^0.6.1"
    optionalDependencies:
      uglify-js "^3.1.4"
  
  inflight@^1.0.4:
    version "1.0.6"
    resolved "https://registry.yarnpkg.com/inflight/-/inflight-1.0.6.tgz#49bd6331d7d02d0c09bc910a1075ba8165b56df9"
    integrity sha1-Sb1jMdfQLQwJvJEKEHW6gWW1bfk=
    dependencies:
      once "^1.3.0"
      wrappy "1"
  
  inherits@2:
    version "2.0.3"
    resolved "https://registry.yarnpkg.com/inherits/-/inherits-2.0.3.tgz#633c2c83e3da42a502f52466022480f4208261de"
    integrity sha1-Yzwsg+PaQqUC9SRmAiSA9CCCYd4=
  
  lodash.camelcase@^4.3.0:
    version "4.3.0"
    resolved "https://registry.yarnpkg.com/lodash.camelcase/-/lodash.camelcase-4.3.0.tgz#b28aa6288a2b9fc651035c7711f65ab6190331a6"
    integrity sha1-soqmKIorn8ZRA1x3EfZathkDMaY=
  
  lodash.padend@^4.6.1:
    version "4.6.1"
    resolved "https://registry.yarnpkg.com/lodash.padend/-/lodash.padend-4.6.1.tgz#53ccba047d06e158d311f45da625f4e49e6f166e"
    integrity sha1-U8y6BH0G4VjTEfRdpiX05J5vFm4=
  
  marked@^0.6.2:
    version "0.6.2"
    resolved "https://registry.yarnpkg.com/marked/-/marked-0.6.2.tgz#c574be8b545a8b48641456ca1dbe0e37b6dccc1a"
    integrity sha512-LqxwVH3P/rqKX4EKGz7+c2G9r98WeM/SW34ybhgNGhUQNKtf1GmmSkJ6cDGJ/t6tiyae49qRkpyTw2B9HOrgUA==
  
  minimatch@^3.0.4:
    version "3.0.4"
    resolved "https://registry.yarnpkg.com/minimatch/-/minimatch-3.0.4.tgz#5166e286457f03306064be5497e8dbb0c3d32083"
    integrity sha512-yJHVQEhyqPLUTgt9B83PXu6W3rx4MvvHvSUvToogpwoGDOUQ+yDrR0HRot+yOCdCO7u4hX3pWft6kWBBcqh0UA==
    dependencies:
      brace-expansion "^1.1.7"
  
  minimist@~0.0.1:
    version "0.0.10"
    resolved "https://registry.yarnpkg.com/minimist/-/minimist-0.0.10.tgz#de3f98543dbf96082be48ad1a0c7cda836301dcf"
    integrity sha1-3j+YVD2/lggr5IrRoMfNqDYwHc8=
  
  mkdirp2@^1.0.3:
    version "1.0.4"
    resolved "https://registry.yarnpkg.com/mkdirp2/-/mkdirp2-1.0.4.tgz#56de1f8f5c93cf2199906362eba0f9f262ee4437"
    integrity sha512-Q2PKB4ZR4UPtjLl76JfzlgSCUZhSV1AXQgAZa1qt5RiaALFjP/CDrGvFBrOz7Ck6McPcwMAxTsJvWOUjOU8XMw==
  
  neo-async@^2.6.0:
    version "2.6.0"
    resolved "https://registry.yarnpkg.com/neo-async/-/neo-async-2.6.0.tgz#b9d15e4d71c6762908654b5183ed38b753340835"
    integrity sha512-MFh0d/Wa7vkKO3Y3LlacqAEeHK0mckVqzDieUKTT+KGxi+zIpeVsFxymkIiRpbpDziHc290Xr9A1O4Om7otoRA==
  
  object-get@^2.1.0:
    version "2.1.0"
    resolved "https://registry.yarnpkg.com/object-get/-/object-get-2.1.0.tgz#722bbdb60039efa47cad3c6dc2ce51a85c02c5ae"
    integrity sha1-ciu9tgA576R8rTxtws5RqFwCxa4=
  
  once@^1.3.0:
    version "1.4.0"
    resolved "https://registry.yarnpkg.com/once/-/once-1.4.0.tgz#583b1aa775961d4b113ac17d9c50baef9dd76bd1"
    integrity sha1-WDsap3WWHUsROsF9nFC6753Xa9E=
    dependencies:
      wrappy "1"
  
  optimist@^0.6.1:
    version "0.6.1"
    resolved "https://registry.yarnpkg.com/optimist/-/optimist-0.6.1.tgz#da3ea74686fa21a19a111c326e90eb15a0196686"
    integrity sha1-2j6nRob6IaGaERwybpDrFaAZZoY=
    dependencies:
      minimist "~0.0.1"
      wordwrap "~0.0.2"
  
  path-is-absolute@^1.0.0:
    version "1.0.1"
    resolved "https://registry.yarnpkg.com/path-is-absolute/-/path-is-absolute-1.0.1.tgz#174b9268735534ffbc7ace6bf53a5a9e1b5c5f5f"
    integrity sha1-F0uSaHNVNP+8es5r9TpanhtcX18=
  
  reduce-flatten@^1.0.1:
    version "1.0.1"
    resolved "https://registry.yarnpkg.com/reduce-flatten/-/reduce-flatten-1.0.1.tgz#258c78efd153ddf93cb561237f61184f3696e327"
    integrity sha1-JYx479FT3fk8tWEjf2EYTzaW4yc=
  
  reduce-unique@^1.0.0:
    version "1.0.0"
    resolved "https://registry.yarnpkg.com/reduce-unique/-/reduce-unique-1.0.0.tgz#7e586bcf87a4e32b6d7abd8277fad6cdec9f4803"
    integrity sha1-flhrz4ek4ytter2Cd/rWzeyfSAM=
  
  reduce-without@^1.0.1:
    version "1.0.1"
    resolved "https://registry.yarnpkg.com/reduce-without/-/reduce-without-1.0.1.tgz#68ad0ead11855c9a37d4e8256c15bbf87972fc8c"
    integrity sha1-aK0OrRGFXJo31OglbBW7+Hly/Iw=
    dependencies:
      test-value "^2.0.0"
  
  source-map@^0.6.1, source-map@~0.6.1:
    version "0.6.1"
    resolved "https://registry.yarnpkg.com/source-map/-/source-map-0.6.1.tgz#74722af32e9614e9c287a8d0bbde48b5e2f1a263"
    integrity sha512-UjgapumWlbMhkBgzT7Ykc5YXUT46F0iKu8SGXq0bcwP5dz/h0Plj6enJqjz1Zbq2l5WaqYnrVbwWOWMyF3F47g==
  
  table-layout@^0.4.2:
    version "0.4.4"
    resolved "https://registry.yarnpkg.com/table-layout/-/table-layout-0.4.4.tgz#bc5398b2a05e58b67b05dd9238354b89ef27be0f"
    integrity sha512-uNaR3SRMJwfdp9OUr36eyEi6LLsbcTqTO/hfTsNviKsNeyMBPICJCC7QXRF3+07bAP6FRwA8rczJPBqXDc0CkQ==
    dependencies:
      array-back "^2.0.0"
      deep-extend "~0.6.0"
      lodash.padend "^4.6.1"
      typical "^2.6.1"
      wordwrapjs "^3.0.0"
  
  test-runner@^0.5.0:
    version "0.5.1"
    resolved "https://registry.yarnpkg.com/test-runner/-/test-runner-0.5.1.tgz#ec9debd6080b85b8855d8be3daa82446b31add51"
    integrity sha512-xZA5KZcZvPAdthhrhEKLjnSyx4i9/7jeENu5EqUnKWc7auwJDuTdvYD4MbnG/RCSoPTS5pun0j6QLrmmKPxTcA==
    dependencies:
      ansi-escape-sequences "^4.0.0"
      array-back "^2.0.0"
      command-line-args "^5.0.2"
      command-line-usage "^4.1.0"
      file-set "^1.1.1"
      reduce-flatten "^1.0.1"
  
  test-value@^2.0.0:
    version "2.1.0"
    resolved "https://registry.yarnpkg.com/test-value/-/test-value-2.1.0.tgz#11da6ff670f3471a73b625ca4f3fdcf7bb748291"
    integrity sha1-Edpv9nDzRxpztiXKTz/c97t0gpE=
    dependencies:
      array-back "^1.0.3"
      typical "^2.6.0"
  
  test-value@^3.0.0:
    version "3.0.0"
    resolved "https://registry.yarnpkg.com/test-value/-/test-value-3.0.0.tgz#9168c062fab11a86b8d444dd968bb4b73851ce92"
    integrity sha512-sVACdAWcZkSU9x7AOmJo5TqE+GyNJknHaHsMrR6ZnhjVlVN9Yx6FjHrsKZ3BjIpPCT68zYesPWkakrNupwfOTQ==
    dependencies:
      array-back "^2.0.0"
      typical "^2.6.1"
  
  typical@^2.6.0, typical@^2.6.1:
    version "2.6.1"
    resolved "https://registry.yarnpkg.com/typical/-/typical-2.6.1.tgz#5c080e5d661cbbe38259d2e70a3c7253e873881d"
    integrity sha1-XAgOXWYcu+OCWdLnCjxyU+hziB0=
  
  typical@^4.0.0:
    version "4.0.0"
    resolved "https://registry.yarnpkg.com/typical/-/typical-4.0.0.tgz#cbeaff3b9d7ae1e2bbfaf5a4e6f11eccfde94fc4"
    integrity sha512-VAH4IvQ7BDFYglMd7BPRDfLgxZZX4O4TFcRDA6EN5X7erNJJq+McIEp8np9aVtxrCJ6qx4GTYVfOWNjcqwZgRw==
  
  uglify-js@^3.1.4:
    version "3.5.9"
    resolved "https://registry.yarnpkg.com/uglify-js/-/uglify-js-3.5.9.tgz#372fbf95939555b1f460b1777d33a67d4a994ac9"
    integrity sha512-WpT0RqsDtAWPNJK955DEnb6xjymR8Fn0OlK4TT4pS0ASYsVPqr5ELhgwOwLCP5J5vHeJ4xmMmz3DEgdqC10JeQ==
    dependencies:
      commander "~2.20.0"
      source-map "~0.6.1"
  
  walk-back@^3.0.0:
    version "3.0.1"
    resolved "https://registry.yarnpkg.com/walk-back/-/walk-back-3.0.1.tgz#0c0012694725604960d6c2f75aaf1a1e7d455d35"
    integrity sha512-umiNB2qLO731Sxbp6cfZ9pwURJzTnftxE4Gc7hq8n/ehkuXC//s9F65IEIJA2ZytQZ1ZOsm/Fju4IWx0bivkUQ==
  
  wordwrap@~0.0.2:
    version "0.0.3"
    resolved "https://registry.yarnpkg.com/wordwrap/-/wordwrap-0.0.3.tgz#a3d5da6cd5c0bc0008d37234bbaf1bed63059107"
    integrity sha1-o9XabNXAvAAI03I0u68b7WMFkQc=
  
  wordwrapjs@^3.0.0:
    version "3.0.0"
    resolved "https://registry.yarnpkg.com/wordwrapjs/-/wordwrapjs-3.0.0.tgz#c94c372894cadc6feb1a66bff64e1d9af92c5d1e"
    integrity sha512-mO8XtqyPvykVCsrwj5MlOVWvSnCdT+C+QVbm6blradR7JExAhbkZ7hZ9A+9NUtwzSqrlUo9a67ws0EiILrvRpw==
    dependencies:
      reduce-flatten "^1.0.1"
      typical "^2.6.1"
  
  wrappy@1:
    version "1.0.2"
    resolved "https://registry.yarnpkg.com/wrappy/-/wrappy-1.0.2.tgz#b5243d8f3ec1aa35f1364605bc0d1036e30ab69f"
    integrity sha1-tSQ9jz7BqjXxNkYFvA0QNuMKtp8=
